[INFO]: Logging System Initialized
[INFO]: Input Subsystem initialized
[DEBUG]: Required extensions:
[DEBUG]: VK_KHR_surface
[DEBUG]: VK_KHR_xcb_surface
[DEBUG]: VK_EXT_debug_utils
[INFO]: Validation layers enabled. Enumerating...
[INFO]: Searching for layer: VK_LAYER_KHRONOS_validation...
[INFO]: Found.
[INFO]: All required validation layers are present.
[INFO]: Vulkan Instance created.
[DEBUG]: Creating Vulkan debugger...
[DEBUG]: Vulkan debugger created.
[DEBUG]: Creating Vulkan surface...
[DEBUG]: Vulkan surface created.
[INFO]: linux_read_sorted_physical_devices:
[INFO]:      Original order:
[INFO]:            [0] llvmpipe (LLVM 15.0.6, 256 bits)
[INFO]:            [1] Intel(R) HD Graphics 4600 (HSW GT2)
[INFO]:      Sorted order:
[INFO]:            [0] Intel(R) HD Graphics 4600 (HSW GT2)  
[INFO]:            [1] llvmpipe (LLVM 15.0.6, 256 bits)  
[INFO]: linux_read_sorted_physical_devices:
[INFO]:      Original order:
[INFO]:            [0] llvmpipe (LLVM 15.0.6, 256 bits)
[INFO]:            [1] Intel(R) HD Graphics 4600 (HSW GT2)
[INFO]:      Sorted order:
[INFO]:            [0] Intel(R) HD Graphics 4600 (HSW GT2)  
[INFO]:            [1] llvmpipe (LLVM 15.0.6, 256 bits)  
[INFO]: linux_read_sorted_physical_devices:
[INFO]:      Original order:
[INFO]:            [0] llvmpipe (LLVM 15.0.6, 256 bits)
[INFO]:            [1] Intel(R) HD Graphics 4600 (HSW GT2)
[INFO]:      Sorted order:
[INFO]:            [0] Intel(R) HD Graphics 4600 (HSW GT2)  
[INFO]:            [1] llvmpipe (LLVM 15.0.6, 256 bits)  
[INFO]: linux_read_sorted_physical_devices:
[INFO]:      Original order:
[INFO]:            [0] llvmpipe (LLVM 15.0.6, 256 bits)
[INFO]:            [1] Intel(R) HD Graphics 4600 (HSW GT2)
[INFO]:      Sorted order:
[INFO]:            [0] Intel(R) HD Graphics 4600 (HSW GT2)  
[INFO]:            [1] llvmpipe (LLVM 15.0.6, 256 bits)  
[INFO]: Graphics | Present | Compute | Transfer | Name
[INFO]:        1 |       1 |       1 |        1 | Intel(R) HD Graphics 4600 (HSW GT2)
[INFO]: Device meets queue requirements.
[TRACE]: Graphics Family Index: 0
[TRACE]: Present Family Index:  0
[TRACE]: Transfer Family Index: 0
[TRACE]: Compute Family Index:  0
[INFO]: Selected device: 'Intel(R) HD Graphics 4600 (HSW GT2)'.
[INFO]: GPU type is Integrated.
[INFO]: GPU Driver version: 22.3.6
[INFO]: Vulkan API version: 1.2.230
[INFO]: Local GPU memory: 1.50 GB
[INFO]: Physical device selected.
[INFO]: Creating logical device...
[INFO]: Inserted device layer "VK_LAYER_KHRONOS_validation" (libVkLayer_khronos_validation.so)
[INFO]: Failed to find vkGetDeviceProcAddr in layer "libVkLayer_MESA_device_select.so"
[INFO]:        Using "Intel(R) HD Graphics 4600 (HSW GT2)" with driver: "/usr/lib/x86_64-linux-gnu/libvulkan_intel_hasvk.so"

[INFO]: Logical device created.
[INFO]: Queues obtained.
[INFO]: Graphics command pool created.
[INFO]: Swapchain created successfully.
[DEBUG]: Vulkan command buffers created.
[ERROR]: Validation Error: [ VUID-VkGraphicsPipelineCreateInfo-layout-00756 ] Object 0: handle = 0x210000000021, type = VK_OBJECT_TYPE_SHADER_MODULE; Object 1: handle = 0x230000000023, type = VK_OBJECT_TYPE_PIPELINE_LAYOUT; | MessageID = 0x45717876 | Set 0 Binding 0 in shader (VK_SHADER_STAGE_VERTEX_BIT) uses descriptor slot (expected `VK_DESCRIPTOR_TYPE_UNIFORM_BUFFER, VK_DESCRIPTOR_TYPE_UNIFORM_BUFFER_DYNAMIC, VK_DESCRIPTOR_TYPE_INLINE_UNIFORM_BLOCK`) but not declared in pipeline layout The Vulkan spec states: layout must be consistent with all shaders specified in pStages (https://www.khronos.org/registry/vulkan/specs/1.3-extensions/html/vkspec.html#VUID-VkGraphicsPipelineCreateInfo-layout-00756)
